<?xml version="1.0" encoding="UTF-8"?>
<!-- Generated by org.testng.reporters.JUnitReportReporter -->
<testsuite skipped="0" hostname="DESKTOP-AMSG348" name="org.techAltum.com.NaukriTest02" tests="1" failures="0" timestamp="15 Feb 2020 07:12:05 GMT" time="56.658" errors="0">
  <testcase name="naukriTest" time="56.658" classname="org.techAltum.com.NaukriTest02"/>
</testsuite> <!-- org.techAltum.com.NaukriTest02 -->
