<?xml version="1.0" encoding="UTF-8"?>
<!-- Generated by org.testng.reporters.JUnitReportReporter -->
<testsuite skipped="0" hostname="DESKTOP-AMSG348" name="org.techAltum.com.NaukriTetst" tests="1" failures="0" timestamp="07 Dec 2019 20:02:11 GMT" time="20.616" errors="0">
  <testcase name="naukriTest" time="20.616" classname="org.techAltum.com.NaukriTetst"/>
</testsuite> <!-- org.techAltum.com.NaukriTetst -->
