<?xml version="1.0" encoding="UTF-8"?>
<!-- Generated by org.testng.reporters.JUnitReportReporter -->
<testsuite skipped="0" hostname="DESKTOP-AMSG348" name="org.techAltum.com.UploadFIleUsingAutoIT" tests="1" failures="0" timestamp="08 Dec 2019 05:20:31 GMT" time="26.784" errors="0">
  <testcase name="uploadFileUsingAutoIT" time="26.784" classname="org.techAltum.com.UploadFIleUsingAutoIT"/>
</testsuite> <!-- org.techAltum.com.UploadFIleUsingAutoIT -->
