<?xml version="1.0" encoding="UTF-8"?>
<!-- Generated by org.testng.reporters.JUnitReportReporter -->
<testsuite skipped="0" hostname="DESKTOP-AMSG348" name="org.techAltum.com.UploadFileUsingSikuli" tests="1" failures="0" timestamp="08 Dec 2019 05:28:42 GMT" time="30.615" errors="0">
  <testcase name="naukriTest" time="30.615" classname="org.techAltum.com.UploadFileUsingSikuli"/>
</testsuite> <!-- org.techAltum.com.UploadFileUsingSikuli -->
