<?xml version="1.0" encoding="UTF-8"?>
<!-- Generated by org.testng.reporters.JUnitReportReporter -->
<testsuite skipped="0" hostname="DESKTOP-AMSG348" name="org.techAltum.com.YouTubeTest" tests="1" failures="0" timestamp="07 Dec 2019 23:59:38 GMT" time="29.965" errors="0">
  <testcase name="youTubeTest" time="29.965" classname="org.techAltum.com.YouTubeTest"/>
</testsuite> <!-- org.techAltum.com.YouTubeTest -->
