<?xml version="1.0" encoding="UTF-8"?>
<!-- Generated by org.testng.reporters.JUnitReportReporter -->
<testsuite skipped="0" hostname="DESKTOP-AMSG348" name="org.techAltum.com.NaukriTest" tests="1" failures="0" timestamp="02 Feb 2020 08:41:07 GMT" time="46.766" errors="0">
  <testcase name="naukriTest" time="46.766" classname="org.techAltum.com.NaukriTest"/>
</testsuite> <!-- org.techAltum.com.NaukriTest -->
