<?xml version="1.0" encoding="UTF-8"?>
<!-- Generated by org.testng.reporters.JUnitReportReporter -->
<testsuite skipped="0" hostname="DESKTOP-AMSG348" name="practice.ReadDataFrmXL" tests="1" failures="0" timestamp="15 Feb 2020 06:58:00 GMT" time="0.215" errors="0">
  <testcase name="readDataFrmXL" time="0.215" classname="practice.ReadDataFrmXL"/>
</testsuite> <!-- practice.ReadDataFrmXL -->
