<?xml version="1.0" encoding="UTF-8"?>
<!-- Generated by org.testng.reporters.JUnitReportReporter -->
<testsuite skipped="0" hostname="DESKTOP-AMSG348" name="practice.ReadDataFrmPropFIle" tests="1" failures="0" timestamp="02 Feb 2020 08:21:57 GMT" time="0.024" errors="0">
  <testcase name="readData" time="0.024" classname="practice.ReadDataFrmPropFIle"/>
</testsuite> <!-- practice.ReadDataFrmPropFIle -->
